<?xml version="1.0" encoding="UTF-8"?>
<!-- Generated by org.testng.reporters.JUnitXMLReporter -->
<testsuite ignored="3" hostname="LAPTOP-3GRJ1KE8" failures="0" tests="4" name="Default test" time="125.408" errors="0" timestamp="2021-05-21T13:47:37 IST">
  <testcase classname="com.crm.qa.testcases.ContactsPageTest" name="validateCreateNewContact" time="4.095"/>
  <testcase classname="com.crm.qa.testcases.ContactsPageTest" name="validateCreateNewContact" time="4.383"/>
  <testcase classname="com.crm.qa.testcases.ContactsPageTest" name="validateCreateNewContact" time="4.703"/>
  <testcase classname="com.crm.qa.testcases.ContactsPageTest" name="validateCreateNewContact" time="4.936"/>
  <testcase classname="com.crm.qa.testcases.ContactsPageTest" name="verifyContactsPageLableTest" time="0.0">
    <ignored/>
  </testcase> <!-- verifyContactsPageLableTest -->
  <testcase classname="com.crm.qa.testcases.ContactsPageTest" name="verifySelectContactsNameTest" time="0.0">
    <ignored/>
  </testcase> <!-- verifySelectContactsNameTest -->
  <testcase classname="com.crm.qa.testcases.ContactsPageTest" name="verifyMultiSelectContactsNameTest" time="0.0">
    <ignored/>
  </testcase> <!-- verifyMultiSelectContactsNameTest -->
</testsuite> <!-- Default test -->
